{"/home/nt/maddie2/swdesign-project/server/index.js": {"path":"/home/nt/maddie2/swdesign-project/server/index.js","statementMap":{"0":{"start":{"line":1,"column":16},"end":{"line":1,"column":34}},"1":{"start":{"line":2,"column":16},"end":{"line":2,"column":42}},"2":{"start":{"line":3,"column":13},"end":{"line":3,"column":28}},"3":{"start":{"line":4,"column":15},"end":{"line":4,"column":32}},"4":{"start":{"line":5,"column":14},"end":{"line":5,"column":30}},"5":{"start":{"line":6,"column":0},"end":{"line":6,"column":27}},"6":{"start":{"line":8,"column":13},"end":{"line":8,"column":17}},"7":{"start":{"line":9,"column":12},"end":{"line":9,"column":21}},"8":{"start":{"line":10,"column":21},"end":{"line":10,"column":45}},"9":{"start":{"line":11,"column":0},"end":{"line":11,"column":26}},"10":{"start":{"line":13,"column":0},"end":{"line":13,"column":24}},"11":{"start":{"line":14,"column":0},"end":{"line":14,"column":37}},"12":{"start":{"line":15,"column":0},"end":{"line":23,"column":2}},"13":{"start":{"line":25,"column":19},"end":{"line":32,"column":2}},"14":{"start":{"line":34,"column":0},"end":{"line":37,"column":3}},"15":{"start":{"line":35,"column":2},"end":{"line":35,"column":21}},"16":{"start":{"line":35,"column":11},"end":{"line":35,"column":21}},"17":{"start":{"line":36,"column":2},"end":{"line":36,"column":42}},"18":{"start":{"line":40,"column":0},"end":{"line":71,"column":3}},"19":{"start":{"line":41,"column":2},"end":{"line":43,"column":3}},"20":{"start":{"line":42,"column":4},"end":{"line":42,"column":31}},"21":{"start":{"line":44,"column":15},"end":{"line":44,"column":23}},"22":{"start":{"line":45,"column":2},"end":{"line":45,"column":27}},"23":{"start":{"line":46,"column":19},"end":{"line":46,"column":32}},"24":{"start":{"line":47,"column":19},"end":{"line":47,"column":32}},"25":{"start":{"line":49,"column":2},"end":{"line":70,"column":3}},"26":{"start":{"line":50,"column":27},"end":{"line":50,"column":58}},"27":{"start":{"line":52,"column":18},"end":{"line":52,"column":81}},"28":{"start":{"line":53,"column":4},"end":{"line":53,"column":32}},"29":{"start":{"line":54,"column":4},"end":{"line":66,"column":7}},"30":{"start":{"line":55,"column":6},"end":{"line":65,"column":7}},"31":{"start":{"line":56,"column":8},"end":{"line":62,"column":9}},"32":{"start":{"line":57,"column":10},"end":{"line":59,"column":73}},"33":{"start":{"line":61,"column":10},"end":{"line":61,"column":56}},"34":{"start":{"line":64,"column":8},"end":{"line":64,"column":44}},"35":{"start":{"line":68,"column":4},"end":{"line":68,"column":52}},"36":{"start":{"line":69,"column":4},"end":{"line":69,"column":61}},"37":{"start":{"line":73,"column":0},"end":{"line":111,"column":3}},"38":{"start":{"line":74,"column":2},"end":{"line":76,"column":3}},"39":{"start":{"line":75,"column":4},"end":{"line":75,"column":31}},"40":{"start":{"line":77,"column":15},"end":{"line":77,"column":23}},"41":{"start":{"line":78,"column":2},"end":{"line":78,"column":28}},"42":{"start":{"line":79,"column":19},"end":{"line":79,"column":32}},"43":{"start":{"line":80,"column":19},"end":{"line":80,"column":32}},"44":{"start":{"line":82,"column":16},"end":{"line":82,"column":65}},"45":{"start":{"line":84,"column":2},"end":{"line":110,"column":5}},"46":{"start":{"line":85,"column":4},"end":{"line":109,"column":5}},"47":{"start":{"line":86,"column":6},"end":{"line":86,"column":52}},"48":{"start":{"line":87,"column":11},"end":{"line":109,"column":5}},"49":{"start":{"line":88,"column":6},"end":{"line":104,"column":9}},"50":{"start":{"line":89,"column":8},"end":{"line":103,"column":9}},"51":{"start":{"line":90,"column":10},"end":{"line":99,"column":13}},"52":{"start":{"line":91,"column":12},"end":{"line":91,"column":45}},"53":{"start":{"line":92,"column":12},"end":{"line":92,"column":40}},"54":{"start":{"line":93,"column":12},"end":{"line":96,"column":14}},"55":{"start":{"line":97,"column":12},"end":{"line":97,"column":37}},"56":{"start":{"line":98,"column":12},"end":{"line":98,"column":41}},"57":{"start":{"line":102,"column":10},"end":{"line":102,"column":75}},"58":{"start":{"line":106,"column":6},"end":{"line":108,"column":76}},"59":{"start":{"line":113,"column":0},"end":{"line":151,"column":3}},"60":{"start":{"line":114,"column":2},"end":{"line":114,"column":22}},"61":{"start":{"line":115,"column":2},"end":{"line":115,"column":36}},"62":{"start":{"line":116,"column":2},"end":{"line":150,"column":3}},"63":{"start":{"line":117,"column":4},"end":{"line":117,"column":33}},"64":{"start":{"line":118,"column":4},"end":{"line":118,"column":62}},"65":{"start":{"line":120,"column":4},"end":{"line":120,"column":29}},"66":{"start":{"line":121,"column":4},"end":{"line":121,"column":29}},"67":{"start":{"line":123,"column":4},"end":{"line":125,"column":7}},"68":{"start":{"line":124,"column":8},"end":{"line":124,"column":35}},"69":{"start":{"line":127,"column":17},"end":{"line":127,"column":25}},"70":{"start":{"line":128,"column":21},"end":{"line":136,"column":5}},"71":{"start":{"line":138,"column":18},"end":{"line":138,"column":120}},"72":{"start":{"line":140,"column":4},"end":{"line":149,"column":7}},"73":{"start":{"line":141,"column":6},"end":{"line":148,"column":7}},"74":{"start":{"line":142,"column":8},"end":{"line":142,"column":27}},"75":{"start":{"line":143,"column":8},"end":{"line":143,"column":54}},"76":{"start":{"line":145,"column":8},"end":{"line":147,"column":71}},"77":{"start":{"line":153,"column":0},"end":{"line":174,"column":3}},"78":{"start":{"line":154,"column":2},"end":{"line":154,"column":22}},"79":{"start":{"line":155,"column":2},"end":{"line":155,"column":36}},"80":{"start":{"line":156,"column":2},"end":{"line":173,"column":3}},"81":{"start":{"line":157,"column":4},"end":{"line":157,"column":33}},"82":{"start":{"line":158,"column":4},"end":{"line":158,"column":62}},"83":{"start":{"line":160,"column":4},"end":{"line":160,"column":29}},"84":{"start":{"line":161,"column":4},"end":{"line":161,"column":29}},"85":{"start":{"line":163,"column":18},"end":{"line":163,"column":70}},"86":{"start":{"line":165,"column":4},"end":{"line":172,"column":7}},"87":{"start":{"line":166,"column":6},"end":{"line":171,"column":7}},"88":{"start":{"line":167,"column":8},"end":{"line":167,"column":27}},"89":{"start":{"line":168,"column":8},"end":{"line":168,"column":54}},"90":{"start":{"line":170,"column":8},"end":{"line":170,"column":44}},"91":{"start":{"line":176,"column":0},"end":{"line":208,"column":3}},"92":{"start":{"line":177,"column":2},"end":{"line":177,"column":22}},"93":{"start":{"line":178,"column":2},"end":{"line":178,"column":36}},"94":{"start":{"line":179,"column":2},"end":{"line":207,"column":3}},"95":{"start":{"line":180,"column":4},"end":{"line":180,"column":33}},"96":{"start":{"line":181,"column":4},"end":{"line":181,"column":62}},"97":{"start":{"line":183,"column":4},"end":{"line":183,"column":29}},"98":{"start":{"line":184,"column":4},"end":{"line":184,"column":29}},"99":{"start":{"line":187,"column":17},"end":{"line":187,"column":25}},"100":{"start":{"line":188,"column":21},"end":{"line":195,"column":5}},"101":{"start":{"line":197,"column":18},"end":{"line":197,"column":150}},"102":{"start":{"line":199,"column":4},"end":{"line":206,"column":7}},"103":{"start":{"line":200,"column":6},"end":{"line":205,"column":7}},"104":{"start":{"line":201,"column":8},"end":{"line":201,"column":27}},"105":{"start":{"line":202,"column":8},"end":{"line":202,"column":54}},"106":{"start":{"line":204,"column":8},"end":{"line":204,"column":87}},"107":{"start":{"line":210,"column":0},"end":{"line":231,"column":5}},"108":{"start":{"line":211,"column":4},"end":{"line":211,"column":24}},"109":{"start":{"line":212,"column":4},"end":{"line":212,"column":38}},"110":{"start":{"line":213,"column":4},"end":{"line":230,"column":5}},"111":{"start":{"line":214,"column":6},"end":{"line":214,"column":35}},"112":{"start":{"line":215,"column":6},"end":{"line":215,"column":64}},"113":{"start":{"line":217,"column":6},"end":{"line":217,"column":31}},"114":{"start":{"line":218,"column":6},"end":{"line":218,"column":31}},"115":{"start":{"line":220,"column":20},"end":{"line":220,"column":64}},"116":{"start":{"line":222,"column":6},"end":{"line":229,"column":9}},"117":{"start":{"line":223,"column":8},"end":{"line":228,"column":9}},"118":{"start":{"line":224,"column":10},"end":{"line":224,"column":29}},"119":{"start":{"line":225,"column":10},"end":{"line":225,"column":56}},"120":{"start":{"line":227,"column":10},"end":{"line":227,"column":46}},"121":{"start":{"line":233,"column":0},"end":{"line":235,"column":3}},"122":{"start":{"line":234,"column":2},"end":{"line":234,"column":20}},"123":{"start":{"line":237,"column":0},"end":{"line":245,"column":3}},"124":{"start":{"line":238,"column":2},"end":{"line":238,"column":58}},"125":{"start":{"line":239,"column":2},"end":{"line":239,"column":27}},"126":{"start":{"line":240,"column":2},"end":{"line":244,"column":3}},"127":{"start":{"line":241,"column":4},"end":{"line":241,"column":57}},"128":{"start":{"line":243,"column":4},"end":{"line":243,"column":34}},"129":{"start":{"line":247,"column":0},"end":{"line":261,"column":3}},"130":{"start":{"line":248,"column":2},"end":{"line":248,"column":56}},"131":{"start":{"line":249,"column":2},"end":{"line":253,"column":3}},"132":{"start":{"line":250,"column":4},"end":{"line":250,"column":35}},"133":{"start":{"line":251,"column":4},"end":{"line":251,"column":41}},"134":{"start":{"line":252,"column":4},"end":{"line":252,"column":11}},"135":{"start":{"line":254,"column":2},"end":{"line":259,"column":5}},"136":{"start":{"line":255,"column":4},"end":{"line":258,"column":5}},"137":{"start":{"line":256,"column":6},"end":{"line":256,"column":55}},"138":{"start":{"line":257,"column":6},"end":{"line":257,"column":26}},"139":{"start":{"line":260,"column":2},"end":{"line":260,"column":39}},"140":{"start":{"line":263,"column":0},"end":{"line":267,"column":1}},"141":{"start":{"line":264,"column":2},"end":{"line":266,"column":5}},"142":{"start":{"line":265,"column":4},"end":{"line":265,"column":52}},"143":{"start":{"line":269,"column":0},"end":{"line":269,"column":21}}},"fnMap":{"0":{"name":"(anonymous_0)","decl":{"start":{"line":34,"column":25},"end":{"line":34,"column":26}},"loc":{"start":{"line":34,"column":40},"end":{"line":37,"column":1}},"line":34},"1":{"name":"(anonymous_1)","decl":{"start":{"line":40,"column":24},"end":{"line":40,"column":25}},"loc":{"start":{"line":40,"column":44},"end":{"line":71,"column":1}},"line":40},"2":{"name":"(anonymous_2)","decl":{"start":{"line":54,"column":56},"end":{"line":54,"column":57}},"loc":{"start":{"line":54,"column":75},"end":{"line":66,"column":5}},"line":54},"3":{"name":"(anonymous_3)","decl":{"start":{"line":73,"column":23},"end":{"line":73,"column":24}},"loc":{"start":{"line":73,"column":43},"end":{"line":111,"column":1}},"line":73},"4":{"name":"(anonymous_4)","decl":{"start":{"line":84,"column":38},"end":{"line":84,"column":39}},"loc":{"start":{"line":84,"column":57},"end":{"line":110,"column":3}},"line":84},"5":{"name":"(anonymous_5)","decl":{"start":{"line":88,"column":51},"end":{"line":88,"column":52}},"loc":{"start":{"line":88,"column":77},"end":{"line":104,"column":7}},"line":88},"6":{"name":"(anonymous_6)","decl":{"start":{"line":90,"column":27},"end":{"line":90,"column":28}},"loc":{"start":{"line":90,"column":33},"end":{"line":99,"column":11}},"line":90},"7":{"name":"(anonymous_7)","decl":{"start":{"line":113,"column":25},"end":{"line":113,"column":26}},"loc":{"start":{"line":113,"column":39},"end":{"line":151,"column":1}},"line":113},"8":{"name":"(anonymous_8)","decl":{"start":{"line":140,"column":40},"end":{"line":140,"column":41}},"loc":{"start":{"line":140,"column":59},"end":{"line":149,"column":5}},"line":140},"9":{"name":"(anonymous_9)","decl":{"start":{"line":153,"column":24},"end":{"line":153,"column":25}},"loc":{"start":{"line":153,"column":38},"end":{"line":174,"column":1}},"line":153},"10":{"name":"(anonymous_10)","decl":{"start":{"line":165,"column":49},"end":{"line":165,"column":50}},"loc":{"start":{"line":165,"column":68},"end":{"line":172,"column":5}},"line":165},"11":{"name":"(anonymous_11)","decl":{"start":{"line":176,"column":28},"end":{"line":176,"column":29}},"loc":{"start":{"line":176,"column":42},"end":{"line":208,"column":1}},"line":176},"12":{"name":"(anonymous_12)","decl":{"start":{"line":199,"column":40},"end":{"line":199,"column":41}},"loc":{"start":{"line":199,"column":59},"end":{"line":206,"column":5}},"line":199},"13":{"name":"(anonymous_13)","decl":{"start":{"line":210,"column":27},"end":{"line":210,"column":28}},"loc":{"start":{"line":210,"column":41},"end":{"line":231,"column":3}},"line":210},"14":{"name":"(anonymous_14)","decl":{"start":{"line":222,"column":51},"end":{"line":222,"column":52}},"loc":{"start":{"line":222,"column":70},"end":{"line":229,"column":7}},"line":222},"15":{"name":"(anonymous_15)","decl":{"start":{"line":233,"column":19},"end":{"line":233,"column":20}},"loc":{"start":{"line":233,"column":33},"end":{"line":235,"column":1}},"line":233},"16":{"name":"(anonymous_16)","decl":{"start":{"line":237,"column":27},"end":{"line":237,"column":28}},"loc":{"start":{"line":237,"column":41},"end":{"line":245,"column":1}},"line":237},"17":{"name":"(anonymous_17)","decl":{"start":{"line":247,"column":24},"end":{"line":247,"column":25}},"loc":{"start":{"line":247,"column":38},"end":{"line":261,"column":1}},"line":247},"18":{"name":"(anonymous_18)","decl":{"start":{"line":254,"column":22},"end":{"line":254,"column":23}},"loc":{"start":{"line":254,"column":31},"end":{"line":259,"column":3}},"line":254},"19":{"name":"(anonymous_19)","decl":{"start":{"line":264,"column":19},"end":{"line":264,"column":20}},"loc":{"start":{"line":264,"column":25},"end":{"line":266,"column":3}},"line":264}},"branchMap":{"0":{"loc":{"start":{"line":35,"column":2},"end":{"line":35,"column":21}},"type":"if","locations":[{"start":{"line":35,"column":2},"end":{"line":35,"column":21}},{"start":{},"end":{}}],"line":35},"1":{"loc":{"start":{"line":41,"column":2},"end":{"line":43,"column":3}},"type":"if","locations":[{"start":{"line":41,"column":2},"end":{"line":43,"column":3}},{"start":{},"end":{}}],"line":41},"2":{"loc":{"start":{"line":41,"column":6},"end":{"line":41,"column":73}},"type":"binary-expr","locations":[{"start":{"line":41,"column":6},"end":{"line":41,"column":37}},{"start":{"line":41,"column":41},"end":{"line":41,"column":73}}],"line":41},"3":{"loc":{"start":{"line":55,"column":6},"end":{"line":65,"column":7}},"type":"if","locations":[{"start":{"line":55,"column":6},"end":{"line":65,"column":7}},{"start":{"line":63,"column":13},"end":{"line":65,"column":7}}],"line":55},"4":{"loc":{"start":{"line":56,"column":8},"end":{"line":62,"column":9}},"type":"if","locations":[{"start":{"line":56,"column":8},"end":{"line":62,"column":9}},{"start":{"line":60,"column":15},"end":{"line":62,"column":9}}],"line":56},"5":{"loc":{"start":{"line":56,"column":12},"end":{"line":56,"column":63}},"type":"binary-expr","locations":[{"start":{"line":56,"column":12},"end":{"line":56,"column":40}},{"start":{"line":56,"column":44},"end":{"line":56,"column":63}}],"line":56},"6":{"loc":{"start":{"line":74,"column":2},"end":{"line":76,"column":3}},"type":"if","locations":[{"start":{"line":74,"column":2},"end":{"line":76,"column":3}},{"start":{},"end":{}}],"line":74},"7":{"loc":{"start":{"line":74,"column":6},"end":{"line":74,"column":73}},"type":"binary-expr","locations":[{"start":{"line":74,"column":6},"end":{"line":74,"column":37}},{"start":{"line":74,"column":41},"end":{"line":74,"column":73}}],"line":74},"8":{"loc":{"start":{"line":85,"column":4},"end":{"line":109,"column":5}},"type":"if","locations":[{"start":{"line":85,"column":4},"end":{"line":109,"column":5}},{"start":{"line":87,"column":11},"end":{"line":109,"column":5}}],"line":85},"9":{"loc":{"start":{"line":87,"column":11},"end":{"line":109,"column":5}},"type":"if","locations":[{"start":{"line":87,"column":11},"end":{"line":109,"column":5}},{"start":{"line":105,"column":11},"end":{"line":109,"column":5}}],"line":87},"10":{"loc":{"start":{"line":89,"column":8},"end":{"line":103,"column":9}},"type":"if","locations":[{"start":{"line":89,"column":8},"end":{"line":103,"column":9}},{"start":{"line":101,"column":15},"end":{"line":103,"column":9}}],"line":89},"11":{"loc":{"start":{"line":116,"column":2},"end":{"line":150,"column":3}},"type":"if","locations":[{"start":{"line":116,"column":2},"end":{"line":150,"column":3}},{"start":{"line":119,"column":9},"end":{"line":150,"column":3}}],"line":116},"12":{"loc":{"start":{"line":116,"column":6},"end":{"line":116,"column":43}},"type":"binary-expr","locations":[{"start":{"line":116,"column":6},"end":{"line":116,"column":18}},{"start":{"line":116,"column":22},"end":{"line":116,"column":43}}],"line":116},"13":{"loc":{"start":{"line":123,"column":4},"end":{"line":125,"column":7}},"type":"if","locations":[{"start":{"line":123,"column":4},"end":{"line":125,"column":7}},{"start":{},"end":{}}],"line":123},"14":{"loc":{"start":{"line":123,"column":8},"end":{"line":123,"column":75}},"type":"binary-expr","locations":[{"start":{"line":123,"column":8},"end":{"line":123,"column":39}},{"start":{"line":123,"column":43},"end":{"line":123,"column":75}}],"line":123},"15":{"loc":{"start":{"line":141,"column":6},"end":{"line":148,"column":7}},"type":"if","locations":[{"start":{"line":141,"column":6},"end":{"line":148,"column":7}},{"start":{"line":144,"column":13},"end":{"line":148,"column":7}}],"line":141},"16":{"loc":{"start":{"line":156,"column":2},"end":{"line":173,"column":3}},"type":"if","locations":[{"start":{"line":156,"column":2},"end":{"line":173,"column":3}},{"start":{"line":159,"column":9},"end":{"line":173,"column":3}}],"line":156},"17":{"loc":{"start":{"line":156,"column":6},"end":{"line":156,"column":43}},"type":"binary-expr","locations":[{"start":{"line":156,"column":6},"end":{"line":156,"column":18}},{"start":{"line":156,"column":22},"end":{"line":156,"column":43}}],"line":156},"18":{"loc":{"start":{"line":166,"column":6},"end":{"line":171,"column":7}},"type":"if","locations":[{"start":{"line":166,"column":6},"end":{"line":171,"column":7}},{"start":{"line":169,"column":13},"end":{"line":171,"column":7}}],"line":166},"19":{"loc":{"start":{"line":179,"column":2},"end":{"line":207,"column":3}},"type":"if","locations":[{"start":{"line":179,"column":2},"end":{"line":207,"column":3}},{"start":{"line":182,"column":9},"end":{"line":207,"column":3}}],"line":179},"20":{"loc":{"start":{"line":179,"column":6},"end":{"line":179,"column":43}},"type":"binary-expr","locations":[{"start":{"line":179,"column":6},"end":{"line":179,"column":18}},{"start":{"line":179,"column":22},"end":{"line":179,"column":43}}],"line":179},"21":{"loc":{"start":{"line":200,"column":6},"end":{"line":205,"column":7}},"type":"if","locations":[{"start":{"line":200,"column":6},"end":{"line":205,"column":7}},{"start":{"line":203,"column":13},"end":{"line":205,"column":7}}],"line":200},"22":{"loc":{"start":{"line":213,"column":4},"end":{"line":230,"column":5}},"type":"if","locations":[{"start":{"line":213,"column":4},"end":{"line":230,"column":5}},{"start":{"line":216,"column":11},"end":{"line":230,"column":5}}],"line":213},"23":{"loc":{"start":{"line":213,"column":8},"end":{"line":213,"column":45}},"type":"binary-expr","locations":[{"start":{"line":213,"column":8},"end":{"line":213,"column":20}},{"start":{"line":213,"column":24},"end":{"line":213,"column":45}}],"line":213},"24":{"loc":{"start":{"line":223,"column":8},"end":{"line":228,"column":9}},"type":"if","locations":[{"start":{"line":223,"column":8},"end":{"line":228,"column":9}},{"start":{"line":226,"column":15},"end":{"line":228,"column":9}}],"line":223},"25":{"loc":{"start":{"line":240,"column":2},"end":{"line":244,"column":3}},"type":"if","locations":[{"start":{"line":240,"column":2},"end":{"line":244,"column":3}},{"start":{"line":242,"column":9},"end":{"line":244,"column":3}}],"line":240},"26":{"loc":{"start":{"line":249,"column":2},"end":{"line":253,"column":3}},"type":"if","locations":[{"start":{"line":249,"column":2},"end":{"line":253,"column":3}},{"start":{},"end":{}}],"line":249},"27":{"loc":{"start":{"line":249,"column":6},"end":{"line":249,"column":51}},"type":"binary-expr","locations":[{"start":{"line":249,"column":6},"end":{"line":249,"column":18}},{"start":{"line":249,"column":22},"end":{"line":249,"column":51}}],"line":249},"28":{"loc":{"start":{"line":255,"column":4},"end":{"line":258,"column":5}},"type":"if","locations":[{"start":{"line":255,"column":4},"end":{"line":258,"column":5}},{"start":{},"end":{}}],"line":255},"29":{"loc":{"start":{"line":263,"column":0},"end":{"line":267,"column":1}},"type":"if","locations":[{"start":{"line":263,"column":0},"end":{"line":267,"column":1}},{"start":{},"end":{}}],"line":263}},"s":{"0":1,"1":1,"2":1,"3":1,"4":1,"5":1,"6":1,"7":1,"8":1,"9":1,"10":1,"11":1,"12":1,"13":1,"14":1,"15":1,"16":0,"17":1,"18":1,"19":3,"20":1,"21":2,"22":2,"23":2,"24":2,"25":2,"26":2,"27":2,"28":2,"29":2,"30":2,"31":1,"32":1,"33":0,"34":1,"35":0,"36":0,"37":1,"38":14,"39":1,"40":13,"41":13,"42":13,"43":13,"44":13,"45":13,"46":13,"47":0,"48":13,"49":13,"50":13,"51":12,"52":12,"53":12,"54":12,"55":12,"56":12,"57":1,"58":0,"59":1,"60":2,"61":2,"62":2,"63":0,"64":0,"65":2,"66":2,"67":2,"68":1,"69":1,"70":1,"71":1,"72":1,"73":1,"74":1,"75":1,"76":0,"77":1,"78":2,"79":2,"80":2,"81":0,"82":0,"83":2,"84":2,"85":2,"86":2,"87":2,"88":0,"89":0,"90":2,"91":1,"92":3,"93":3,"94":3,"95":0,"96":0,"97":3,"98":3,"99":3,"100":3,"101":3,"102":3,"103":3,"104":3,"105":3,"106":0,"107":1,"108":1,"109":1,"110":1,"111":0,"112":0,"113":1,"114":1,"115":1,"116":1,"117":1,"118":0,"119":0,"120":1,"121":1,"122":1,"123":1,"124":1,"125":1,"126":1,"127":1,"128":0,"129":1,"130":4,"131":4,"132":2,"133":2,"134":2,"135":2,"136":2,"137":0,"138":0,"139":2,"140":1,"141":0,"142":0,"143":1},"f":{"0":1,"1":3,"2":2,"3":14,"4":13,"5":13,"6":12,"7":2,"8":1,"9":2,"10":2,"11":3,"12":3,"13":1,"14":1,"15":1,"16":1,"17":4,"18":2,"19":0},"b":{"0":[0,1],"1":[1,2],"2":[3,3],"3":[1,1],"4":[1,0],"5":[1,0],"6":[1,13],"7":[14,14],"8":[0,13],"9":[13,0],"10":[12,1],"11":[0,2],"12":[2,2],"13":[1,1],"14":[2,2],"15":[1,0],"16":[0,2],"17":[2,2],"18":[0,2],"19":[0,3],"20":[3,3],"21":[3,0],"22":[0,1],"23":[1,1],"24":[0,1],"25":[1,0],"26":[2,2],"27":[4,4],"28":[0,2],"29":[0,1]},"_coverageSchema":"1a1c01bbd47fc00a2c39e90264f33305004495a9","hash":"c34d6c6957f38b140ee92765804310faa8866fc6"}
}
