TN:
SF:index.js
FN:34,(anonymous_0)
FN:40,(anonymous_1)
FN:54,(anonymous_2)
FN:73,(anonymous_3)
FN:84,(anonymous_4)
FN:88,(anonymous_5)
FN:90,(anonymous_6)
FN:113,(anonymous_7)
FN:140,(anonymous_8)
FN:153,(anonymous_9)
FN:165,(anonymous_10)
FN:176,(anonymous_11)
FN:199,(anonymous_12)
FN:210,(anonymous_13)
FN:222,(anonymous_14)
FN:233,(anonymous_15)
FN:237,(anonymous_16)
FN:247,(anonymous_17)
FN:254,(anonymous_18)
FN:264,(anonymous_19)
FNF:20
FNH:19
FNDA:1,(anonymous_0)
FNDA:3,(anonymous_1)
FNDA:2,(anonymous_2)
FNDA:14,(anonymous_3)
FNDA:13,(anonymous_4)
FNDA:13,(anonymous_5)
FNDA:12,(anonymous_6)
FNDA:2,(anonymous_7)
FNDA:1,(anonymous_8)
FNDA:2,(anonymous_9)
FNDA:2,(anonymous_10)
FNDA:3,(anonymous_11)
FNDA:3,(anonymous_12)
FNDA:1,(anonymous_13)
FNDA:1,(anonymous_14)
FNDA:1,(anonymous_15)
FNDA:1,(anonymous_16)
FNDA:4,(anonymous_17)
FNDA:2,(anonymous_18)
FNDA:0,(anonymous_19)
DA:1,1
DA:2,1
DA:3,1
DA:4,1
DA:5,1
DA:6,1
DA:8,1
DA:9,1
DA:10,1
DA:11,1
DA:13,1
DA:14,1
DA:15,1
DA:25,1
DA:34,1
DA:35,1
DA:36,1
DA:40,1
DA:41,3
DA:42,1
DA:44,2
DA:45,2
DA:46,2
DA:47,2
DA:49,2
DA:50,2
DA:52,2
DA:53,2
DA:54,2
DA:55,2
DA:56,1
DA:57,1
DA:61,0
DA:64,1
DA:68,0
DA:69,0
DA:73,1
DA:74,14
DA:75,1
DA:77,13
DA:78,13
DA:79,13
DA:80,13
DA:82,13
DA:84,13
DA:85,13
DA:86,0
DA:87,13
DA:88,13
DA:89,13
DA:90,12
DA:91,12
DA:92,12
DA:93,12
DA:97,12
DA:98,12
DA:102,1
DA:106,0
DA:113,1
DA:114,2
DA:115,2
DA:116,2
DA:117,0
DA:118,0
DA:120,2
DA:121,2
DA:123,2
DA:124,1
DA:127,1
DA:128,1
DA:138,1
DA:140,1
DA:141,1
DA:142,1
DA:143,1
DA:145,0
DA:153,1
DA:154,2
DA:155,2
DA:156,2
DA:157,0
DA:158,0
DA:160,2
DA:161,2
DA:163,2
DA:165,2
DA:166,2
DA:167,0
DA:168,0
DA:170,2
DA:176,1
DA:177,3
DA:178,3
DA:179,3
DA:180,0
DA:181,0
DA:183,3
DA:184,3
DA:187,3
DA:188,3
DA:197,3
DA:199,3
DA:200,3
DA:201,3
DA:202,3
DA:204,0
DA:210,1
DA:211,1
DA:212,1
DA:213,1
DA:214,0
DA:215,0
DA:217,1
DA:218,1
DA:220,1
DA:222,1
DA:223,1
DA:224,0
DA:225,0
DA:227,1
DA:233,1
DA:234,1
DA:237,1
DA:238,1
DA:239,1
DA:240,1
DA:241,1
DA:243,0
DA:247,1
DA:248,4
DA:249,4
DA:250,2
DA:251,2
DA:252,2
DA:254,2
DA:255,2
DA:256,0
DA:257,0
DA:260,2
DA:263,1
DA:264,0
DA:265,0
DA:269,1
LF:143
LH:119
BRDA:35,0,0,0
BRDA:35,0,1,1
BRDA:41,1,0,1
BRDA:41,1,1,2
BRDA:41,2,0,3
BRDA:41,2,1,3
BRDA:55,3,0,1
BRDA:55,3,1,1
BRDA:56,4,0,1
BRDA:56,4,1,0
BRDA:56,5,0,1
BRDA:56,5,1,0
BRDA:74,6,0,1
BRDA:74,6,1,13
BRDA:74,7,0,14
BRDA:74,7,1,14
BRDA:85,8,0,0
BRDA:85,8,1,13
BRDA:87,9,0,13
BRDA:87,9,1,0
BRDA:89,10,0,12
BRDA:89,10,1,1
BRDA:116,11,0,0
BRDA:116,11,1,2
BRDA:116,12,0,2
BRDA:116,12,1,2
BRDA:123,13,0,1
BRDA:123,13,1,1
BRDA:123,14,0,2
BRDA:123,14,1,2
BRDA:141,15,0,1
BRDA:141,15,1,0
BRDA:156,16,0,0
BRDA:156,16,1,2
BRDA:156,17,0,2
BRDA:156,17,1,2
BRDA:166,18,0,0
BRDA:166,18,1,2
BRDA:179,19,0,0
BRDA:179,19,1,3
BRDA:179,20,0,3
BRDA:179,20,1,3
BRDA:200,21,0,3
BRDA:200,21,1,0
BRDA:213,22,0,0
BRDA:213,22,1,1
BRDA:213,23,0,1
BRDA:213,23,1,1
BRDA:223,24,0,0
BRDA:223,24,1,1
BRDA:240,25,0,1
BRDA:240,25,1,0
BRDA:249,26,0,2
BRDA:249,26,1,2
BRDA:249,27,0,4
BRDA:249,27,1,4
BRDA:255,28,0,0
BRDA:255,28,1,2
BRDA:263,29,0,0
BRDA:263,29,1,1
BRF:60
BRH:44
end_of_record
